<?xml version="1.0" encoding="UTF-8"?>
<!-- Generated by org.testng.reporters.JUnitReportReporter -->
<testsuite hostname="DESKTOP-11OF3DL" failures="0" tests="1" name="TestNG.Registration_JPetstore" time="21.536" errors="0" timestamp="2024-02-18T23:57:45 IST" skipped="0">
  <testcase classname="TestNG.Registration_JPetstore" name="registration" time="21.536"/>
  <system-out/>
</testsuite> <!-- TestNG.Registration_JPetstore -->
